[10:36:55] [main/INFO]: Setting user: Player453
[10:36:56] [Client thread/INFO]: LWJGL Version: 2.9.1
[10:37:00] [Client thread/INFO]: Reloading ResourceManager: Default, FMLFileResourcePack:Forge Mod Loader, FMLFileResourcePack:Minecraft Forge, FMLFileResourcePack:MC Stream Notifier
[10:37:00] [Client thread/WARN]: ResourcePack: ignored non-lowercase namespace: %s in %s
[10:37:00] [Sound Library Loader/INFO]: Sound engine started
[10:37:01] [Client thread/INFO]: Created: 512x256 textures/blocks-atlas
[10:37:01] [Client thread/INFO]: Created: 256x256 textures/items-atlas
[10:37:02] [Client thread/INFO]: Reloading ResourceManager: Default, FMLFileResourcePack:Forge Mod Loader, FMLFileResourcePack:Minecraft Forge, FMLFileResourcePack:MC Stream Notifier
[10:37:02] [Client thread/WARN]: ResourcePack: ignored non-lowercase namespace: %s in %s
[10:37:03] [Client thread/INFO]: Created: 512x256 textures/blocks-atlas
[10:37:03] [Client thread/INFO]: Created: 256x256 textures/items-atlas
[10:37:03] [Sound Library Loader/INFO]: Sound engine started
[10:37:06] [Server thread/INFO]: Starting integrated minecraft server version 1.7.10
[10:37:06] [Server thread/INFO]: Generating keypair
[10:37:06] [Server thread/INFO]: Preparing start region for level 0
[10:37:07] [Server thread/INFO]: Changing view distance to 16, from 10
[10:37:07] [Server thread/INFO]: Player453[local:E:14a3c3e8] logged in with entity id 259 at (399.55134677865163, 4.0, 104.55566289749552)
[10:37:07] [Server thread/INFO]: Player453 joined the game
[10:37:17] [pool-3-thread-4/INFO]: [CHAT] §8[§5StreamNotify§8] §7Thank you §6PeteyDog7§r§7 for §7following §7the §7channel!
[10:37:32] [pool-3-thread-1/INFO]: [CHAT] §8[§5StreamNotify§8] §7Thank you §6PeteyDog7§r§7 for §7following §7the §7channel!
[10:37:47] [pool-3-thread-4/INFO]: [CHAT] §8[§5StreamNotify§8] §7Thank you §6PeteyDog7§r§7 for §7following §7the §7channel!
[10:38:02] [pool-3-thread-8/INFO]: [CHAT] §8[§5StreamNotify§8] §7Thank you §6PeteyDog7§r§7 for §7following §7the §7channel!
[10:38:17] [pool-3-thread-10/INFO]: [CHAT] §8[§5StreamNotify§8] §7Thank you §6PeteyDog7§r§7 for §7following §7the §7channel!
[10:38:32] [pool-3-thread-11/INFO]: [CHAT] §8[§5StreamNotify§8] §7Thank you §6PeteyDog7§r§7 for §7following §7the §7channel!
[10:38:47] [pool-3-thread-2/INFO]: [CHAT] §8[§5StreamNotify§8] §7Thank you §6PeteyDog7§r§7 for §7following §7the §7channel!
[10:39:02] [pool-3-thread-14/INFO]: [CHAT] §8[§5StreamNotify§8] §7Thank you §6PeteyDog7§r§7 for §7following §7the §7channel!
[10:39:17] [pool-3-thread-15/INFO]: [CHAT] §8[§5StreamNotify§8] §7Thank you §6PeteyDog7§r§7 for §7following §7the §7channel!
[10:39:32] [pool-3-thread-5/INFO]: [CHAT] §8[§5StreamNotify§8] §7Thank you §6PeteyDog7§r§7 for §7following §7the §7channel!
[10:39:47] [pool-3-thread-11/INFO]: [CHAT] §8[§5StreamNotify§8] §7Thank you §6PeteyDog7§r§7 for §7following §7the §7channel!
[10:40:02] [pool-3-thread-13/INFO]: [CHAT] §8[§5StreamNotify§8] §7Follow §7the §7channel §7to §7get §7notifications §7when §7I §7go §7live!
[10:40:17] [pool-3-thread-4/INFO]: [CHAT] §8[§5StreamNotify§8] §7Thank you §6PeteyDog7§r§7 for §7following §7the §7channel!
[10:40:32] [pool-3-thread-1/INFO]: [CHAT] §8[§5StreamNotify§8] §7Thank you §6PeteyDog7§r§7 for §7following §7the §7channel!
[10:40:47] [pool-3-thread-15/INFO]: [CHAT] §8[§5StreamNotify§8] §7Thank you §6PeteyDog7§r§7 for §7following §7the §7channel!
[10:41:02] [pool-3-thread-10/INFO]: [CHAT] §8[§5StreamNotify§8] §7Thank you §6PeteyDog7§r§7 for §7following §7the §7channel!
[10:41:17] [pool-3-thread-2/INFO]: [CHAT] §8[§5StreamNotify§8] §7Thank you §6PeteyDog7§r§7 for §7following §7the §7channel!
[10:41:30] [Server thread/INFO]: <Player453> hi
[10:41:30] [Client thread/INFO]: [CHAT] <Player453> hi
[10:41:31] [Server thread/INFO]: Saving and pausing game...
[10:41:31] [Server thread/INFO]: Saving chunks for level 'New World'/Overworld
[10:41:31] [Server thread/INFO]: Saving chunks for level 'New World'/Nether
[10:41:31] [Server thread/INFO]: Saving chunks for level 'New World'/The End
[10:41:32] [Server thread/INFO]: Saving and pausing game...
[10:41:32] [pool-3-thread-14/INFO]: [CHAT] §8[§5StreamNotify§8] §7Thank you §6PeteyDog7§r§7 for §7following §7the §7channel!
[10:41:32] [Server thread/INFO]: Saving chunks for level 'New World'/Overworld
[10:41:32] [Server thread/INFO]: Saving chunks for level 'New World'/Nether
[10:41:32] [Server thread/INFO]: Saving chunks for level 'New World'/The End
[10:41:39] [Server thread/INFO]: Player453 has just earned the achievement [Taking Inventory]
[10:41:39] [Client thread/INFO]: [CHAT] Player453 has just earned the achievement [Taking Inventory]
[10:41:47] [pool-3-thread-1/INFO]: [CHAT] §8[§5StreamNotify§8] §7Thank you §6PeteyDog7§r§7 for §7following §7the §7channel!
[10:42:02] [pool-3-thread-15/INFO]: [CHAT] §8[§5StreamNotify§8] §7Thank you §6PeteyDog7§r§7 for §7following §7the §7channel!
[10:42:17] [pool-3-thread-10/INFO]: [CHAT] §8[§5StreamNotify§8] §7Thank you §6PeteyDog7§r§7 for §7following §7the §7channel!
[10:42:32] [pool-3-thread-12/INFO]: [CHAT] §8[§5StreamNotify§8] §7Thank you §6PeteyDog7§r§7 for §7following §7the §7channel!
[10:42:47] [pool-3-thread-14/INFO]: [CHAT] §8[§5StreamNotify§8] §7Thank you §6PeteyDog7§r§7 for §7following §7the §7channel!
[10:43:02] [pool-3-thread-1/INFO]: [CHAT] §8[§5StreamNotify§8] §7Subscribe §7to §7the §7channel §7to §7support §7me §7and §7receive §7awesome §7perks!
[10:43:17] [pool-3-thread-3/INFO]: [CHAT] §8[§5StreamNotify§8] §7Thank you §6PeteyDog7§r§7 for §7following §7the §7channel!
[10:43:28] [Server thread/INFO]: Saving and pausing game...
[10:43:29] [Server thread/INFO]: Saving chunks for level 'New World'/Overworld
[10:43:29] [Server thread/INFO]: Saving chunks for level 'New World'/Nether
[10:43:29] [Server thread/INFO]: Saving chunks for level 'New World'/The End
[10:43:32] [pool-3-thread-5/INFO]: [CHAT] §8[§5StreamNotify§8] §7Thank you §6PeteyDog7§r§7 for §7following §7the §7channel!
[10:43:47] [pool-3-thread-9/INFO]: [CHAT] §8[§5StreamNotify§8] §7Thank you §6PeteyDog7§r§7 for §7following §7the §7channel!
[10:44:02] [pool-3-thread-8/INFO]: [CHAT] §8[§5StreamNotify§8] §7Thank you §6PeteyDog7§r§7 for §7following §7the §7channel!
[10:44:17] [pool-3-thread-13/INFO]: [CHAT] §8[§5StreamNotify§8] §7Thank you §6PeteyDog7§r§7 for §7following §7the §7channel!
[10:44:32] [pool-3-thread-4/INFO]: [CHAT] §8[§5StreamNotify§8] §7Thank you §6PeteyDog7§r§7 for §7following §7the §7channel!
[10:44:47] [pool-3-thread-5/INFO]: [CHAT] §8[§5StreamNotify§8] §7Thank you §6PeteyDog7§r§7 for §7following §7the §7channel!
[10:45:02] [pool-3-thread-9/INFO]: [CHAT] §8[§5StreamNotify§8] §7Thank you §6PeteyDog7§r§7 for §7following §7the §7channel!
